# JRE version: Java(TM) SE Runtime Environment (8.0_131-b11) (build 1.8.0_131-b11)
# Java VM: Java HotSpot(TM) 64-Bit Server VM (25.131-b11 mixed mode windows-amd64 compressed oops)
Heap:
 PSYoungGen      total 190976K, used 23658K [0x00000000d6000000, 0x00000000e3500000, 0x0000000100000000)
  eden space 183808K, 12% used [0x00000000d6000000,0x00000000d771a968,0x00000000e1380000)
  from space 7168K, 0% used [0x00000000e2e00000,0x00000000e2e00000,0x00000000e3500000)
  to   space 9728K, 0% used [0x00000000e2200000,0x00000000e2200000,0x00000000e2b80000)
 ParOldGen       total 88064K, used 31243K [0x0000000082000000, 0x0000000087600000, 0x00000000d6000000)
  object space 88064K, 35% used [0x0000000082000000,0x0000000083e82d50,0x0000000087600000)
 Metaspace       used 57989K, capacity 60144K, committed 60208K, reserved 1101824K
  class space    used 8104K, capacity 8486K, committed 8496K, reserved 1048576K
GC Heap History (10 events):
Event: 17.843 GC heap before
{Heap before GC invocations=13 (full 2):
 PSYoungGen      total 155136K, used 4613K [0x00000000d6000000, 0x00000000e3780000, 0x0000000100000000)
  eden space 145408K, 0% used [0x00000000d6000000,0x00000000d6000000,0x00000000dee00000)
  from space 9728K, 47% used [0x00000000dee00000,0x00000000df281650,0x00000000df780000)
  to   space 9728K, 0% used [0x00000000e2e00000,0x00000000e2e00000,0x00000000e3780000)
 ParOldGen       total 53760K, used 19497K [0x0000000082000000, 0x0000000085480000, 0x00000000d6000000)
  object space 53760K, 36% used [0x0000000082000000,0x000000008330a7e0,0x0000000085480000)
 Metaspace       used 34159K, capacity 35402K, committed 35496K, reserved 1079296K
  class space    used 4560K, capacity 4827K, committed 4912K, reserved 1048576K
Event: 17.976 GC heap after
Heap after GC invocations=13 (full 2):
 PSYoungGen      total 155136K, used 0K [0x00000000d6000000, 0x00000000e3780000, 0x0000000100000000)
  eden space 145408K, 0% used [0x00000000d6000000,0x00000000d6000000,0x00000000dee00000)
  from space 9728K, 0% used [0x00000000dee00000,0x00000000dee00000,0x00000000df780000)
  to   space 9728K, 0% used [0x00000000e2e00000,0x00000000e2e00000,0x00000000e3780000)
 ParOldGen       total 88064K, used 16962K [0x0000000082000000, 0x0000000087600000, 0x00000000d6000000)
  object space 88064K, 19% used [0x0000000082000000,0x0000000083090a00,0x0000000087600000)
 Metaspace       used 34159K, capacity 35402K, committed 35496K, reserved 1079296K
  class space    used 4560K, capacity 4827K, committed 4912K, reserved 1048576K
}
Event: 22.142 GC heap before
{Heap before GC invocations=14 (full 2):
 PSYoungGen      total 155136K, used 145408K [0x00000000d6000000, 0x00000000e3780000, 0x0000000100000000)
  eden space 145408K, 100% used [0x00000000d6000000,0x00000000dee00000,0x00000000dee00000)
  from space 9728K, 0% used [0x00000000dee00000,0x00000000dee00000,0x00000000df780000)
  to   space 9728K, 0% used [0x00000000e2e00000,0x00000000e2e00000,0x00000000e3780000)
 ParOldGen       total 88064K, used 16962K [0x0000000082000000, 0x0000000087600000, 0x00000000d6000000)
  object space 88064K, 19% used [0x0000000082000000,0x0000000083090a00,0x0000000087600000)
 Metaspace       used 38162K, capacity 39540K, committed 39600K, reserved 1083392K
  class space    used 5026K, capacity 5282K, committed 5296K, reserved 1048576K
Event: 22.151 GC heap after
Heap after GC invocations=14 (full 2):
 PSYoungGen      total 190976K, used 6721K [0x00000000d6000000, 0x00000000e3500000, 0x0000000100000000)
  eden space 183808K, 0% used [0x00000000d6000000,0x00000000d6000000,0x00000000e1380000)
  from space 7168K, 93% used [0x00000000e2e00000,0x00000000e3490608,0x00000000e3500000)
  to   space 9728K, 0% used [0x00000000e2200000,0x00000000e2200000,0x00000000e2b80000)
 ParOldGen       total 88064K, used 16970K [0x0000000082000000, 0x0000000087600000, 0x00000000d6000000)
  object space 88064K, 19% used [0x0000000082000000,0x0000000083092a00,0x0000000087600000)
 Metaspace       used 38162K, capacity 39540K, committed 39600K, reserved 1083392K
  class space    used 5026K, capacity 5282K, committed 5296K, reserved 1048576K
}
Event: 26.704 GC heap before
{Heap before GC invocations=15 (full 2):
 PSYoungGen      total 190976K, used 190529K [0x00000000d6000000, 0x00000000e3500000, 0x0000000100000000)
  eden space 183808K, 100% used [0x00000000d6000000,0x00000000e1380000,0x00000000e1380000)
  from space 7168K, 93% used [0x00000000e2e00000,0x00000000e3490608,0x00000000e3500000)
  to   space 9728K, 0% used [0x00000000e2200000,0x00000000e2200000,0x00000000e2b80000)
 ParOldGen       total 88064K, used 16970K [0x0000000082000000, 0x0000000087600000, 0x00000000d6000000)
  object space 88064K, 19% used [0x0000000082000000,0x0000000083092a00,0x0000000087600000)
 Metaspace       used 48714K, capacity 50274K, committed 50480K, reserved 1093632K
  class space    used 6607K, capacity 6935K, committed 6960K, reserved 1048576K
Event: 26.726 GC heap after
Heap after GC invocations=15 (full 2):
 PSYoungGen      total 193536K, used 9713K [0x00000000d6000000, 0x00000000e3500000, 0x0000000100000000)
  eden space 183808K, 0% used [0x00000000d6000000,0x00000000d6000000,0x00000000e1380000)
  from space 9728K, 99% used [0x00000000e2200000,0x00000000e2b7c5f0,0x00000000e2b80000)
  to   space 7168K, 0% used [0x00000000e2e00000,0x00000000e2e00000,0x00000000e3500000)
 ParOldGen       total 88064K, used 24268K [0x0000000082000000, 0x0000000087600000, 0x00000000d6000000)
  object space 88064K, 27% used [0x0000000082000000,0x00000000837b30f8,0x0000000087600000)
 Metaspace       used 48714K, capacity 50274K, committed 50480K, reserved 1093632K
  class space    used 6607K, capacity 6935K, committed 6960K, reserved 1048576K
}
Event: 29.802 GC heap before
{Heap before GC invocations=16 (full 2):
 PSYoungGen      total 193536K, used 181646K [0x00000000d6000000, 0x00000000e3500000, 0x0000000100000000)
  eden space 183808K, 93% used [0x00000000d6000000,0x00000000e07e72d0,0x00000000e1380000)
  from space 9728K, 99% used [0x00000000e2200000,0x00000000e2b7c5f0,0x00000000e2b80000)
  to   space 7168K, 0% used [0x00000000e2e00000,0x00000000e2e00000,0x00000000e3500000)
 ParOldGen       total 88064K, used 24268K [0x0000000082000000, 0x0000000087600000, 0x00000000d6000000)
  object space 88064K, 27% used [0x0000000082000000,0x00000000837b30f8,0x0000000087600000)
 Metaspace       used 56993K, capacity 59078K, committed 59160K, reserved 1099776K
  class space    used 7906K, capacity 8305K, committed 8368K, reserved 1048576K
Event: 29.828 GC heap after
Heap after GC invocations=16 (full 2):
 PSYoungGen      total 190976K, used 7149K [0x00000000d6000000, 0x00000000e3500000, 0x0000000100000000)
  eden space 183808K, 0% used [0x00000000d6000000,0x00000000d6000000,0x00000000e1380000)
  from space 7168K, 99% used [0x00000000e2e00000,0x00000000e34fb428,0x00000000e3500000)
  to   space 9728K, 0% used [0x00000000e2200000,0x00000000e2200000,0x00000000e2b80000)
 ParOldGen       total 88064K, used 35395K [0x0000000082000000, 0x0000000087600000, 0x00000000d6000000)
  object space 88064K, 40% used [0x0000000082000000,0x0000000084290ed0,0x0000000087600000)
 Metaspace       used 56993K, capacity 59078K, committed 59160K, reserved 1099776K
  class space    used 7906K, capacity 8305K, committed 8368K, reserved 1048576K
}
Event: 29.828 GC heap before
{Heap before GC invocations=17 (full 3):
 PSYoungGen      total 190976K, used 7149K [0x00000000d6000000, 0x00000000e3500000, 0x0000000100000000)
  eden space 183808K, 0% used [0x00000000d6000000,0x00000000d6000000,0x00000000e1380000)
  from space 7168K, 99% used [0x00000000e2e00000,0x00000000e34fb428,0x00000000e3500000)
  to   space 9728K, 0% used [0x00000000e2200000,0x00000000e2200000,0x00000000e2b80000)
 ParOldGen       total 88064K, used 35395K [0x0000000082000000, 0x0000000087600000, 0x00000000d6000000)
  object space 88064K, 40% used [0x0000000082000000,0x0000000084290ed0,0x0000000087600000)
 Metaspace       used 56993K, capacity 59078K, committed 59160K, reserved 1099776K
  class space    used 7906K, capacity 8305K, committed 8368K, reserved 1048576K
Event: 30.170 GC heap after
Heap after GC invocations=17 (full 3):
 PSYoungGen      total 190976K, used 0K [0x00000000d6000000, 0x00000000e3500000, 0x0000000100000000)
  eden space 183808K, 0% used [0x00000000d6000000,0x00000000d6000000,0x00000000e1380000)
  from space 7168K, 0% used [0x00000000e2e00000,0x00000000e2e00000,0x00000000e3500000)
  to   space 9728K, 0% used [0x00000000e2200000,0x00000000e2200000,0x00000000e2b80000)
 ParOldGen       total 88064K, used 31243K [0x0000000082000000, 0x0000000087600000, 0x00000000d6000000)
  object space 88064K, 35% used [0x0000000082000000,0x0000000083e82d50,0x0000000087600000)
 Metaspace       used 56993K, capacity 59078K, committed 59160K, reserved 1099776K
  class space    used 7906K, capacity 8305K, committed 8368K, reserved 1048576K
}

